0 info it worked if it ends with ok
1 verbose cli [ 'C:\\Program Files\\nodejs\\node.exe',
1 verbose cli   'C:\\Users\\thomas.adriano\\AppData\\Roaming\\npm\\node_modules\\npm\\bin\\npm-cli.js',
1 verbose cli   'run',
1 verbose cli   'build' ]
2 info using npm@3.9.5
3 info using node@v7.4.0
4 verbose run-script [ 'prebuild', 'build', 'postbuild' ]
5 info lifecycle webpack2-es6-cssnext@0.0.1~prebuild: webpack2-es6-cssnext@0.0.1
6 silly lifecycle webpack2-es6-cssnext@0.0.1~prebuild: no script for prebuild, continuing
7 info lifecycle webpack2-es6-cssnext@0.0.1~build: webpack2-es6-cssnext@0.0.1
8 verbose lifecycle webpack2-es6-cssnext@0.0.1~build: unsafe-perm in lifecycle true
9 verbose lifecycle webpack2-es6-cssnext@0.0.1~build: PATH: C:\Users\thomas.adriano\AppData\Roaming\npm\node_modules\npm\bin\node-gyp-bin;C:\Users\thomas.adriano\git\webpack2-es6-cssnext\node_modules\.bin;C:\Program Files\nodejs;C:\ProgramData\Oracle\Java\javapath;C:\Program Files (x86)\Intel\iCLS Client\;C:\Program Files\Intel\iCLS Client\;C:\WINDOWS\system32;C:\WINDOWS;C:\WINDOWS\System32\Wbem;C:\WINDOWS\System32\WindowsPowerShell\v1.0\;C:\Program Files\Intel\Intel(R) Management Engine Components\DAL;C:\Program Files\Intel\Intel(R) Management Engine Components\IPT;C:\Program Files (x86)\Intel\Intel(R) Management Engine Components\DAL;C:\Program Files (x86)\Intel\Intel(R) Management Engine Components\IPT;C:\Program Files (x86)\cvsnt;C:\oraclexe\app\oracle\product\11.2.0\server\bin;C:\Program Files\Perforce\DVCS\;C:\Program Files (x86)\apache-maven-3.3.3\bin;C:\Program Files\apache-tomcat-8.0.36\bin;C:\Program Files\Microsoft SQL Server\120\Tools\Binn\;C:\Program Files\Microsoft SQL Server\Client SDK\ODBC\110\Tools\Binn\;C:\Program Files (x86)\Microsoft SQL Server\120\Tools\Binn\;C:\Program Files\Microsoft SQL Server\120\DTS\Binn\;C:\Program Files (x86)\Microsoft SQL Server\120\Tools\Binn\ManagementStudio\;C:\Program Files (x86)\Microsoft SQL Server\120\DTS\Binn\;C:\Program Files (x86)\Skype\Phone\;C:\Program Files\gradle-2.13\bin;C:\Program Files\Amazon\AWSCLI\;C:\Windows\system32\Npcap;C:\mysql-5.6.27-winx64\bin;C:\HashiCorp\Vagrant\bin;C:\Program Files (x86)\scala\bin;C:\Program Files (x86)\sbt\bin;C:\Anaconda3;C:\Anaconda3\Scripts;C:\Anaconda3\Library\bin;C:\Program Files (x86)\Windows Kits\8.1\Windows Performance Toolkit\;C:\Program Files\IBM\Bluemix\bin;C:\Program Files\CloudFoundry;C:\Program Files\nodejs\;C:\Program Files (x86)\Yarn\bin;C:\Ruby22-x64\bin;C:\Users\thomas.adriano\AppData\Local\Programs\Git\cmd;C:\Users\thomas.adriano\AppData\Local\Programs\Git\mingw64\bin;C:\Users\thomas.adriano\AppData\Local\Programs\Git\usr\bin;C:\Users\thomas.adriano\AppData\Local\atom\bin;C:\Program Files (x86)\sbt\bin;C:\Users\thomas.adriano\AppData\Roaming\npmC:\Ruby22-x64\bin;C:\Users\thomas.adriano\AppData\Local\Programs\Git\cmd;C:\Users\thomas.adriano\AppData\Local\Programs\Git\mingw64\bin;C:\Users\thomas.adriano\AppData\Local\Programs\Git\usr\bin;C:\Users\thomas.adriano\AppData\Local\atom\bin;C:\Program Files (x86)\sbt\bin;C:\Python27;C:\Program Files\cmder;C:\Program Files\RabbitMQ Server\rabbitmq_server-3.6.5\sbin;C:\Program Files (x86)\Microsoft VS Code\bin;C:\Users\thomas.adriano\AppData\Roaming\npm;C:\Users\thomas.adriano\AppData\Local\Yarn\.bin
10 verbose lifecycle webpack2-es6-cssnext@0.0.1~build: CWD: C:\Users\thomas.adriano\git\webpack2-es6-cssnext
11 silly lifecycle webpack2-es6-cssnext@0.0.1~build: Args: [ '/d /s /c', 'rm -rdf ./build && mkdir ./build' ]
12 silly lifecycle webpack2-es6-cssnext@0.0.1~build: Returned: code: 1  signal: null
13 info lifecycle webpack2-es6-cssnext@0.0.1~build: Failed to exec build script
14 verbose stack Error: webpack2-es6-cssnext@0.0.1 build: `rm -rdf ./build && mkdir ./build`
14 verbose stack Exit status 1
14 verbose stack     at EventEmitter.<anonymous> (C:\Users\thomas.adriano\AppData\Roaming\npm\node_modules\npm\lib\utils\lifecycle.js:245:16)
14 verbose stack     at emitTwo (events.js:106:13)
14 verbose stack     at EventEmitter.emit (events.js:191:7)
14 verbose stack     at ChildProcess.<anonymous> (C:\Users\thomas.adriano\AppData\Roaming\npm\node_modules\npm\lib\utils\spawn.js:24:14)
14 verbose stack     at emitTwo (events.js:106:13)
14 verbose stack     at ChildProcess.emit (events.js:191:7)
14 verbose stack     at maybeClose (internal/child_process.js:885:16)
14 verbose stack     at Process.ChildProcess._handle.onexit (internal/child_process.js:226:5)
15 verbose pkgid webpack2-es6-cssnext@0.0.1
16 verbose cwd C:\Users\thomas.adriano\git\webpack2-es6-cssnext
17 error Windows_NT 10.0.10240
18 error argv "C:\\Program Files\\nodejs\\node.exe" "C:\\Users\\thomas.adriano\\AppData\\Roaming\\npm\\node_modules\\npm\\bin\\npm-cli.js" "run" "build"
19 error node v7.4.0
20 error npm  v3.9.5
21 error code ELIFECYCLE
22 error webpack2-es6-cssnext@0.0.1 build: `rm -rdf ./build && mkdir ./build`
22 error Exit status 1
23 error Failed at the webpack2-es6-cssnext@0.0.1 build script 'rm -rdf ./build && mkdir ./build'.
23 error Make sure you have the latest version of node.js and npm installed.
23 error If you do, this is most likely a problem with the webpack2-es6-cssnext package,
23 error not with npm itself.
23 error Tell the author that this fails on your system:
23 error     rm -rdf ./build && mkdir ./build
23 error You can get information on how to open an issue for this project with:
23 error     npm bugs webpack2-es6-cssnext
23 error Or if that isn't available, you can get their info via:
23 error     npm owner ls webpack2-es6-cssnext
23 error There is likely additional logging output above.
24 verbose exit [ 1, true ]
